2025-08-03T18:55:50.360Z info: Joi Validation Successful
2025-08-03T18:55:50.545Z info: Successfully Logged-In: 
2025-08-03T18:57:47.297Z error: Please log in to view that resource
2025-08-03T19:03:13.682Z info: Successfully Logged-In: 
2025-08-03T19:03:23.226Z info: "admin" Successfuly Logged-out
2025-08-03T19:03:27.830Z info: Successfully Logged-In: 
2025-08-03T19:03:46.581Z error: Please log in to view that resource
2025-08-03T19:04:47.697Z info: Successfully Logged-In: 
2025-08-03T19:05:08.163Z info: Successfully Logged-In: 
2025-08-03T19:05:13.817Z info: "admin" Successfuly Logged-out
2025-08-03T19:05:19.579Z info: Successfully Logged-In: 
2025-08-03T19:05:38.022Z error: Please log in to view that resource
2025-08-03T19:05:50.308Z info: Successfully Logged-In: 
2025-08-03T19:06:10.161Z error: Please log in to view that resource
2025-08-03T19:06:17.265Z info: Successfully Logged-In: 
2025-08-03T19:31:50.502Z error: Please log in to view that resource
2025-08-03T19:31:58.573Z info: Successfully Logged-In: 
2025-08-03T19:43:57.862Z error: Please log in to view that resource
2025-08-03T20:01:52.772Z info: Successfully Logged-In: 
2025-08-03T20:02:02.816Z error: Please log in to view that resource
2025-08-03T20:02:08.787Z info: Successfully Logged-In: 
2025-08-03T20:27:41.329Z error: Please log in to view that resource
2025-08-03T20:27:46.377Z info: Successfully Logged-In: 
2025-08-03T20:37:59.169Z error: Please log in to view that resource
2025-08-03T20:38:04.530Z info: Successfully Logged-In: 
2025-08-03T20:45:02.833Z info: Successfully Logged-In: 
2025-08-03T20:45:06.417Z info: "Mac Gab" Details Editted Successfully
2025-08-03T20:47:49.950Z info: Successfully Logged-In: 
2025-08-03T20:47:56.706Z info: "Mac Gab" Details Editted Successfully
2025-08-03T21:19:01.878Z error: Authetication-error: function (fn) {
    return this.caught(util.originatesFromRejection, fn);
}
2025-08-03T21:19:10.054Z error: Authetication-error: function (fn) {
    return this.caught(util.originatesFromRejection, fn);
}
2025-08-03T21:21:10.450Z error: Email / Password not correct
2025-08-03T21:21:46.642Z error: Email / Password not correct
2025-08-03T21:22:14.001Z error: Email / Password not correct
2025-08-03T21:23:31.608Z error: Email / Password not correct
2025-08-03T21:24:53.403Z error: Email / Password not correct
2025-08-03T21:25:47.804Z error: Email / Password not correct
2025-08-03T21:26:08.078Z error: Email / Password not correct
2025-08-03T21:27:23.502Z info: Successfully Logged-In: 
2025-08-03T21:27:35.247Z error: Please log in to view that resource
2025-08-03T21:27:40.426Z error: Email / Password not correct
2025-08-03T21:29:26.338Z error: Email / Password not correct
2025-08-03T21:30:17.539Z error: Email / Password not correct
2025-08-03T21:33:47.029Z error: Email / Password not correct
2025-08-03T21:35:05.825Z error: Email / Password not correct
2025-08-03T21:39:19.937Z info: Successfully Logged-In: 
2025-08-03T21:40:44.770Z error: Please log in to view that resource
2025-08-03T21:40:50.388Z info: Successfully Logged-In: 
